Update hash/preview of item How do we attack the lodges correctly J. P. Koehler.docx
Starting file system monitor
serving home_path:  static_files/html/home.html
serving static path css/bootstrap.min.css
serving static path js/jstree/theme-default/style.min.css
serving static path js/jquery-3.3.1.js
serving static path js/popper.min.js
serving static path js/bootstrap.min.js
serving static path js/jstree/jstree.min.js
serving static path img/ddms.png
serving static path js/jstree/theme-default/throbber.gif
serving static path js/jstree/theme-default/32px.png
First time database setup completed.
inserting label apple
inserting label banana
inserting label orange
inserting label peaches
inserting label plums
adding item
Preview generation complete
Added item: Grobien-Christian-Worship-as-the-Root-of-Righteousness-and-Ethical-Formation.pdf
adding item
Preview generation complete
Added item: Hamann bibliography.docx
adding item
Preview generation complete
Added item: Hamann thoughts.docx
adding item
Preview generation complete
Added item: How do we attack the lodges correctly J. P. Koehler.docx
adding item
Preview generation complete
Added item: JoshuaGenigPhDThesis.pdf
adding item
First time database setup completed.
inserting label apple
inserting label banana
inserting label orange
inserting label peaches
inserting label plums
adding item
Preview generation complete
Added item: Grobien-Christian-Worship-as-the-Root-of-Righteousness-and-Ethical-Formation.pdf
adding item
Preview generation complete
Added item: Hamann bibliography.docx
adding item
Preview generation complete
Added item: Hamann thoughts.docx
adding item
Preview generation complete
Added item: How do we attack the lodges correctly J. P. Koehler.docx
adding item
Preview generation complete
Added item: JoshuaGenigPhDThesis.pdf
adding item
First time database setup completed.
inserting label apple
inserting label banana
inserting label orange
inserting label peaches
inserting label plums
adding item
Preview generation complete
Added item: Grobien-Christian-Worship-as-the-Root-of-Righteousness-and-Ethical-Formation.pdf
adding item
Preview generation complete
Added item: Hamann bibliography.docx
adding item
Preview generation complete
Added item: Hamann thoughts.docx
adding item
Preview generation complete
Added item: How do we attack the lodges correctly J. P. Koehler.docx
adding item
Preview generation complete
Added item: JoshuaGenigPhDThesis.pdf
adding item
Added item: Koontz - Paul the Athlete.mp3
adding item
Preview generation complete
Added item: kuhn-ssr-2nded.pdf
adding item
Preview generation complete
Added item: Martin Luther On War against the Turks.pdf
adding item
Preview generation complete
Added item: Memoirs of the Lutheran Liturgical Association.pdf
Starting file system monitor
serving home_path:  static_files/html/home.html
serving static path css/bootstrap.min.css
serving static path js/jstree/theme-default/style.min.css
serving static path js/jquery-3.3.1.js
serving static path js/popper.min.js
serving static path js/bootstrap.min.js
serving static path js/jstree/jstree.min.js
serving static path img/ddms.png
serving static path js/jstree/theme-default/throbber.gif
serving static path js/jstree/theme-default/32px.png
